<?xml version="1.0" encoding="UTF-8"?>
<!-- Generated by org.testng.reporters.JUnitReportReporter -->
<testsuite hostname="Kargo" failures="1" tests="1" name="tests.Tests" time="2.052" errors="0" timestamp="20 Jun 2022 01:46:42 GMT">
  <testcase classname="tests.Tests" name="testLogin" time="2.052">
    <failure message="expected [[[io.appium.java_client.AppiumDriver, Capabilities: {app=C:\Users\kargo\eclipse-workspace\MobileAutomationUI\src\\test\\resources\\apps\\app-staging-debug.apk, appActivity=tech.kargo.transporter.SplashActivity, appPackage=tech.kargo.transporter.staging.debug, databaseEnabled=false, desired={platformName=android, version=9.0.0, app=C:\Users\kargo\eclipse-workspace\MobileAutomationUI\src\\test\\resources\\apps\\app-staging-debug.apk, appActivity=tech.kargo.transporter.SplashActivity, appPackage=tech.kargo.transporter.staging.debug, deviceName=PIXEL 5 API 28, fullReset=false, newCommandTimeout=60, noReset=true, udid=emulator-5554}, deviceApiLevel=28, deviceManufacturer=Google, deviceModel=AOSP on IA Emulator, deviceName=emulator-5554, deviceScreenDensity=560, deviceScreenSize=1440x2560, deviceUDID=emulator-5554, fullReset=false, javascriptEnabled=true, locationContextEnabled=false, networkConnectionEnabled=true, newCommandTimeout=60, noReset=true, pixelRatio=3.5, platform=LINUX, platformName=LINUX, platformVersion=9, statBarHeight=84, takesScreenshot=true, udid=emulator-5554, version=9.0.0, viewportRect={left=0, top=84, width=1440, height=2308}, warnings={}, webStorageEnabled=false}] -&gt; id: tech.kargo.transporter.staging.debug:id/error_text_account_type]] but found [Tolong pilih jenis akun]" type="java.lang.AssertionError">
      <![CDATA[java.lang.AssertionError: expected [[[io.appium.java_client.AppiumDriver, Capabilities: {app=C:\Users\kargo\eclipse-workspace\MobileAutomationUI\src\\test\\resources\\apps\\app-staging-debug.apk, appActivity=tech.kargo.transporter.SplashActivity, appPackage=tech.kargo.transporter.staging.debug, databaseEnabled=false, desired={platformName=android, version=9.0.0, app=C:\Users\kargo\eclipse-workspace\MobileAutomationUI\src\\test\\resources\\apps\\app-staging-debug.apk, appActivity=tech.kargo.transporter.SplashActivity, appPackage=tech.kargo.transporter.staging.debug, deviceName=PIXEL 5 API 28, fullReset=false, newCommandTimeout=60, noReset=true, udid=emulator-5554}, deviceApiLevel=28, deviceManufacturer=Google, deviceModel=AOSP on IA Emulator, deviceName=emulator-5554, deviceScreenDensity=560, deviceScreenSize=1440x2560, deviceUDID=emulator-5554, fullReset=false, javascriptEnabled=true, locationContextEnabled=false, networkConnectionEnabled=true, newCommandTimeout=60, noReset=true, pixelRatio=3.5, platform=LINUX, platformName=LINUX, platformVersion=9, statBarHeight=84, takesScreenshot=true, udid=emulator-5554, version=9.0.0, viewportRect={left=0, top=84, width=1440, height=2308}, warnings={}, webStorageEnabled=false}] -> id: tech.kargo.transporter.staging.debug:id/error_text_account_type]] but found [Tolong pilih jenis akun]
	at org.testng.Assert.fail(Assert.java:94)
	at org.testng.Assert.failNotEquals(Assert.java:513)
	at org.testng.Assert.assertEqualsImpl(Assert.java:135)
	at org.testng.Assert.assertEquals(Assert.java:116)
	at org.testng.Assert.assertEquals(Assert.java:179)
	at pages.transporter.loginPage.msgTolongPilihJenisAkun(loginPage.java:32)
	at tests.Tests.testLogin(Tests.java:16)
	at java.base/jdk.internal.reflect.NativeMethodAccessorImpl.invoke0(Native Method)
	at java.base/jdk.internal.reflect.NativeMethodAccessorImpl.invoke(NativeMethodAccessorImpl.java:77)
	at java.base/jdk.internal.reflect.DelegatingMethodAccessorImpl.invoke(DelegatingMethodAccessorImpl.java:43)
	at java.base/java.lang.reflect.Method.invoke(Method.java:568)
	at org.testng.internal.MethodInvocationHelper.invokeMethod(MethodInvocationHelper.java:86)
	at org.testng.internal.Invoker.invokeMethod(Invoker.java:643)
	at org.testng.internal.Invoker.invokeTestMethod(Invoker.java:820)
	at org.testng.internal.Invoker.invokeTestMethods(Invoker.java:1128)
	at org.testng.internal.TestMethodWorker.invokeTestMethods(TestMethodWorker.java:129)
	at org.testng.internal.TestMethodWorker.run(TestMethodWorker.java:112)
	at org.testng.TestRunner.privateRun(TestRunner.java:782)
	at org.testng.TestRunner.run(TestRunner.java:632)
	at org.testng.SuiteRunner.runTest(SuiteRunner.java:366)
	at org.testng.SuiteRunner.runSequentially(SuiteRunner.java:361)
	at org.testng.SuiteRunner.privateRun(SuiteRunner.java:319)
	at org.testng.SuiteRunner.run(SuiteRunner.java:268)
	at org.testng.SuiteRunnerWorker.runSuite(SuiteRunnerWorker.java:52)
	at org.testng.SuiteRunnerWorker.run(SuiteRunnerWorker.java:86)
	at org.testng.TestNG.runSuitesSequentially(TestNG.java:1244)
	at org.testng.TestNG.runSuitesLocally(TestNG.java:1169)
	at org.testng.TestNG.run(TestNG.java:1064)
	at org.testng.remote.AbstractRemoteTestNG.run(AbstractRemoteTestNG.java:115)
	at org.testng.remote.RemoteTestNG.initAndRun(RemoteTestNG.java:251)
	at org.testng.remote.RemoteTestNG.main(RemoteTestNG.java:77)
]]>
    </failure>
  </testcase> <!-- testLogin -->
</testsuite> <!-- tests.Tests -->
